<?xml version="1.0" encoding="UTF-8"?>
<testsuite xmlns:xsi="http://www.w3.org/2001/XMLSchema-instance" xsi:noNamespaceSchemaLocation="https://maven.apache.org/surefire/maven-surefire-plugin/xsd/surefire-test-report-3.0.xsd" version="3.0" name="com.mall.MallApplicationTests" time="4.184" tests="1" errors="0" skipped="0" failures="0">
  <properties>
[...]
</properties>
  <testcase name="contextLoads" classname="com.mall.MallApplicationTests" time="0.874">
    <system-out><![CDATA[23:25:57.954 [main] INFO org.springframework.test.context.support.AnnotationConfigContextLoaderUtils -- Could not detect default configuration classes for test class [com.mall.MallApplicationTests]: MallApplicationTests does not declare any static, non-private, non-final, nested classes annotated with @Configuration.
23:25:58.076 [main] INFO org.springframework.boot.test.context.SpringBootTestContextBootstrapper -- Found @SpringBootConfiguration com.mall.MallApplication for test class com.mall.MallApplicationTests
23:25:58.278 [main] INFO org.springframework.boot.devtools.restart.RestartApplicationListener -- Restart disabled due to context in which it is running

  .   ____          _            __ _ _
 /\\ / ___'_ __ _ _(_)_ __  __ _ \ \ \ \
( ( )\___ | '_ | '_| | '_ \/ _` | \ \ \ \
 \\/  ___)| |_)| | | | | || (_| |  ) ) ) )
  '  |____| .__|_| |_|_| |_\__, | / / / /
 =========|_|==============|___/=/_/_/_/

 :: Spring Boot ::                (v3.3.4)

2024-11-20T23:25:58.615+08:00  INFO 30756 --- [           main] com.mall.MallApplicationTests            : Starting MallApplicationTests using Java 17.0.8 with PID 30756 (started by 10230 in E:\hahashop\hahashop-serve)
2024-11-20T23:25:58.618+08:00  INFO 30756 --- [           main] com.mall.MallApplicationTests            : No active profile set, falling back to 1 default profile: "default"
Logging initialized using 'class org.apache.ibatis.logging.stdout.StdOutImpl' adapter.
2024-11-20T23:26:00.416+08:00  INFO 30756 --- [           main] o.s.b.a.w.s.WelcomePageHandlerMapping    : Adding welcome page: class path resource [static/index.html]
2024-11-20T23:26:01.069+08:00  INFO 30756 --- [           main] com.mall.MallApplicationTests            : Started MallApplicationTests in 2.807 seconds (process running for 3.92)
未提供 'reset-password' 参数，未执行任何操作。
]]></system-out>
  </testcase>
</testsuite>